<?xml version="1.0" encoding="UTF-8"?>
<robot generator="Robot 4.0 (Python 3.9.2 on win32)" generated="20210326 10:43:01.612" rpa="false" schemaversion="2">
<suite id="s1" name="TestSitePracticeBDD" source="C:\Users\marcio.nascimento\Desktop\SuiteSiteTestePractice\tests\TestSitePracticeBDD.robot">
<test id="s1-t1" name="Caso de Teste 01: Pesquisar produto existente">
<kw name="Abrir navegador" library="Resource" type="SETUP">
<kw name="Open Browser" library="SeleniumLibrary">
<arg>about:blank</arg>
<arg>${BROWSER}</arg>
<arg>]</arg>
<doc>Opens a new browser instance to the optional ``url``.</doc>
<msg timestamp="20210326 10:43:01.881" level="INFO">Opening browser 'chrome' to base url 'about:blank'.</msg>
<status status="PASS" starttime="20210326 10:43:01.881" endtime="20210326 10:43:03.321"/>
</kw>
<kw name="Capture Page Screenshot" library="SeleniumLibrary">
<arg>Navegador_Aberto.png</arg>
<doc>Takes a screenshot of the current page and embeds it into a log file.</doc>
<msg timestamp="20210326 10:43:03.644" level="INFO" html="true">&lt;/td&gt;&lt;/tr&gt;&lt;tr&gt;&lt;td colspan="3"&gt;&lt;a href="Navegador_Aberto.png"&gt;&lt;img src="Navegador_Aberto.png" width="800px"&gt;&lt;/a&gt;</msg>
<status status="PASS" starttime="20210326 10:43:03.321" endtime="20210326 10:43:03.644"/>
</kw>
<status status="PASS" starttime="20210326 10:43:01.880" endtime="20210326 10:43:03.644"/>
</kw>
<kw name="Dado que estou na página home do site" library="Resource">
<kw name="Go To" library="SeleniumLibrary">
<arg>${URL}</arg>
<doc>Navigates the current browser window to the provided ``url``.</doc>
<msg timestamp="20210326 10:43:03.646" level="INFO">Opening url 'http://automationpractice.com/index.php'</msg>
<status status="PASS" starttime="20210326 10:43:03.645" endtime="20210326 10:43:10.601"/>
</kw>
<kw name="Capture Page Screenshot" library="SeleniumLibrary">
<arg>Pagina_Aberta.png</arg>
<doc>Takes a screenshot of the current page and embeds it into a log file.</doc>
<msg timestamp="20210326 10:43:11.201" level="INFO" html="true">&lt;/td&gt;&lt;/tr&gt;&lt;tr&gt;&lt;td colspan="3"&gt;&lt;a href="Pagina_Aberta.png"&gt;&lt;img src="Pagina_Aberta.png" width="800px"&gt;&lt;/a&gt;</msg>
<status status="PASS" starttime="20210326 10:43:10.601" endtime="20210326 10:43:11.202"/>
</kw>
<kw name="Title Should Be" library="SeleniumLibrary">
<arg>My Store</arg>
<doc>Verifies that the current page title equals ``title``.</doc>
<msg timestamp="20210326 10:43:11.206" level="INFO">Page title is 'My Store'.</msg>
<status status="PASS" starttime="20210326 10:43:11.202" endtime="20210326 10:43:11.206"/>
</kw>
<status status="PASS" starttime="20210326 10:43:03.645" endtime="20210326 10:43:11.207"/>
</kw>
<kw name="Quando eu pesquisar pelo produto &quot;Blouse&quot;" library="Resource" sourcename="Quando eu pesquisar pelo produto &quot;${PRODUTO}&quot;">
<kw name="Input Text" library="SeleniumLibrary">
<arg>xpath=//input[@name='search_query']</arg>
<arg>${PRODUTO}</arg>
<doc>Types the given ``text`` into the text field identified by ``locator``.</doc>
<msg timestamp="20210326 10:43:11.208" level="INFO">Typing text 'Blouse' into text field 'xpath=//input[@name='search_query']'.</msg>
<status status="PASS" starttime="20210326 10:43:11.208" endtime="20210326 10:43:11.556"/>
</kw>
<kw name="Capture Page Screenshot" library="SeleniumLibrary">
<arg>Produto_Digitado.png</arg>
<doc>Takes a screenshot of the current page and embeds it into a log file.</doc>
<msg timestamp="20210326 10:43:12.197" level="INFO" html="true">&lt;/td&gt;&lt;/tr&gt;&lt;tr&gt;&lt;td colspan="3"&gt;&lt;a href="Produto_Digitado.png"&gt;&lt;img src="Produto_Digitado.png" width="800px"&gt;&lt;/a&gt;</msg>
<status status="PASS" starttime="20210326 10:43:11.556" endtime="20210326 10:43:12.198"/>
</kw>
<kw name="Click Element" library="SeleniumLibrary">
<arg>xpath=//button[@class='btn btn-default button-search']</arg>
<doc>Click the element identified by ``locator``.</doc>
<msg timestamp="20210326 10:43:12.198" level="INFO">Clicking element 'xpath=//button[@class='btn btn-default button-search']'.</msg>
<status status="PASS" starttime="20210326 10:43:12.198" endtime="20210326 10:43:14.140"/>
</kw>
<status status="PASS" starttime="20210326 10:43:11.207" endtime="20210326 10:43:14.140"/>
</kw>
<kw name="Então o produto &quot;Blouse&quot; deve ser listado na página de resultado da busca" library="Resource" sourcename="Então o produto &quot;${PRODUTO}&quot; deve ser listado na página de resultado da busca">
<kw name="Wait Until Element Is Visible" library="SeleniumLibrary">
<arg>xpath=//div[@id='center_column']</arg>
<doc>Waits until the element ``locator`` is visible.</doc>
<status status="PASS" starttime="20210326 10:43:14.141" endtime="20210326 10:43:14.172"/>
</kw>
<kw name="Title Should Be" library="SeleniumLibrary">
<arg>Search - My Store</arg>
<doc>Verifies that the current page title equals ``title``.</doc>
<msg timestamp="20210326 10:43:14.176" level="INFO">Page title is 'Search - My Store'.</msg>
<status status="PASS" starttime="20210326 10:43:14.172" endtime="20210326 10:43:14.176"/>
</kw>
<kw name="Capture Page Screenshot" library="SeleniumLibrary">
<arg>Pagina_Busca.png</arg>
<doc>Takes a screenshot of the current page and embeds it into a log file.</doc>
<msg timestamp="20210326 10:43:14.502" level="INFO" html="true">&lt;/td&gt;&lt;/tr&gt;&lt;tr&gt;&lt;td colspan="3"&gt;&lt;a href="Pagina_Busca.png"&gt;&lt;img src="Pagina_Busca.png" width="800px"&gt;&lt;/a&gt;</msg>
<status status="PASS" starttime="20210326 10:43:14.176" endtime="20210326 10:43:14.502"/>
</kw>
<kw name="Page Should Contain Image" library="SeleniumLibrary">
<arg>//img[@title='Blouse']</arg>
<doc>Verifies image identified by ``locator`` is found from current page.</doc>
<msg timestamp="20210326 10:43:14.520" level="INFO">Current page contains image '//img[@title='Blouse']'.</msg>
<status status="PASS" starttime="20210326 10:43:14.503" endtime="20210326 10:43:14.520"/>
</kw>
<status status="PASS" starttime="20210326 10:43:14.141" endtime="20210326 10:43:14.520"/>
</kw>
<kw name="Fechar navegador" library="Resource" type="TEARDOWN">
<kw name="Close Browser" library="SeleniumLibrary">
<doc>Closes the current browser.</doc>
<status status="PASS" starttime="20210326 10:43:14.522" endtime="20210326 10:43:16.837"/>
</kw>
<status status="PASS" starttime="20210326 10:43:14.521" endtime="20210326 10:43:16.837"/>
</kw>
<status status="PASS" starttime="20210326 10:43:01.868" endtime="20210326 10:43:16.837"/>
</test>
<test id="s1-t2" name="Caso de Teste 02: Pesquisar produto não existente">
<kw name="Abrir navegador" library="Resource" type="SETUP">
<kw name="Open Browser" library="SeleniumLibrary">
<arg>about:blank</arg>
<arg>${BROWSER}</arg>
<arg>]</arg>
<doc>Opens a new browser instance to the optional ``url``.</doc>
<msg timestamp="20210326 10:43:16.849" level="INFO">Opening browser 'chrome' to base url 'about:blank'.</msg>
<status status="PASS" starttime="20210326 10:43:16.849" endtime="20210326 10:43:18.255"/>
</kw>
<kw name="Capture Page Screenshot" library="SeleniumLibrary">
<arg>Navegador_Aberto.png</arg>
<doc>Takes a screenshot of the current page and embeds it into a log file.</doc>
<msg timestamp="20210326 10:43:18.617" level="INFO" html="true">&lt;/td&gt;&lt;/tr&gt;&lt;tr&gt;&lt;td colspan="3"&gt;&lt;a href="Navegador_Aberto.png"&gt;&lt;img src="Navegador_Aberto.png" width="800px"&gt;&lt;/a&gt;</msg>
<status status="PASS" starttime="20210326 10:43:18.255" endtime="20210326 10:43:18.618"/>
</kw>
<status status="PASS" starttime="20210326 10:43:16.848" endtime="20210326 10:43:18.618"/>
</kw>
<kw name="Dado que estou na página home do site" library="Resource">
<kw name="Go To" library="SeleniumLibrary">
<arg>${URL}</arg>
<doc>Navigates the current browser window to the provided ``url``.</doc>
<msg timestamp="20210326 10:43:18.619" level="INFO">Opening url 'http://automationpractice.com/index.php'</msg>
<status status="PASS" starttime="20210326 10:43:18.619" endtime="20210326 10:43:24.842"/>
</kw>
<kw name="Capture Page Screenshot" library="SeleniumLibrary">
<arg>Pagina_Aberta.png</arg>
<doc>Takes a screenshot of the current page and embeds it into a log file.</doc>
<msg timestamp="20210326 10:43:25.459" level="INFO" html="true">&lt;/td&gt;&lt;/tr&gt;&lt;tr&gt;&lt;td colspan="3"&gt;&lt;a href="Pagina_Aberta.png"&gt;&lt;img src="Pagina_Aberta.png" width="800px"&gt;&lt;/a&gt;</msg>
<status status="PASS" starttime="20210326 10:43:24.842" endtime="20210326 10:43:25.459"/>
</kw>
<kw name="Title Should Be" library="SeleniumLibrary">
<arg>My Store</arg>
<doc>Verifies that the current page title equals ``title``.</doc>
<msg timestamp="20210326 10:43:25.464" level="INFO">Page title is 'My Store'.</msg>
<status status="PASS" starttime="20210326 10:43:25.460" endtime="20210326 10:43:25.464"/>
</kw>
<status status="PASS" starttime="20210326 10:43:18.618" endtime="20210326 10:43:25.465"/>
</kw>
<kw name="Quando eu pesquisar pelo produto &quot;ItemNãoExistente&quot;" library="Resource" sourcename="Quando eu pesquisar pelo produto &quot;${PRODUTO}&quot;">
<kw name="Input Text" library="SeleniumLibrary">
<arg>xpath=//input[@name='search_query']</arg>
<arg>${PRODUTO}</arg>
<doc>Types the given ``text`` into the text field identified by ``locator``.</doc>
<msg timestamp="20210326 10:43:25.466" level="INFO">Typing text 'ItemNãoExistente' into text field 'xpath=//input[@name='search_query']'.</msg>
<status status="PASS" starttime="20210326 10:43:25.466" endtime="20210326 10:43:25.580"/>
</kw>
<kw name="Capture Page Screenshot" library="SeleniumLibrary">
<arg>Produto_Digitado.png</arg>
<doc>Takes a screenshot of the current page and embeds it into a log file.</doc>
<msg timestamp="20210326 10:43:26.280" level="INFO" html="true">&lt;/td&gt;&lt;/tr&gt;&lt;tr&gt;&lt;td colspan="3"&gt;&lt;a href="Produto_Digitado.png"&gt;&lt;img src="Produto_Digitado.png" width="800px"&gt;&lt;/a&gt;</msg>
<status status="PASS" starttime="20210326 10:43:25.580" endtime="20210326 10:43:26.281"/>
</kw>
<kw name="Click Element" library="SeleniumLibrary">
<arg>xpath=//button[@class='btn btn-default button-search']</arg>
<doc>Click the element identified by ``locator``.</doc>
<msg timestamp="20210326 10:43:26.281" level="INFO">Clicking element 'xpath=//button[@class='btn btn-default button-search']'.</msg>
<status status="PASS" starttime="20210326 10:43:26.281" endtime="20210326 10:43:28.899"/>
</kw>
<status status="PASS" starttime="20210326 10:43:25.465" endtime="20210326 10:43:28.900"/>
</kw>
<kw name="Então a página deve exibir a mensagem &quot;No results were found for your search &quot;ItemNãoExistente&quot;&quot;" library="Resource" sourcename="Então a página deve exibir a mensagem &quot;${MENSAGEM}&quot;">
<kw name="Wait Until Element Is Visible" library="SeleniumLibrary">
<arg>xpath=//div[@id='center_column']</arg>
<doc>Waits until the element ``locator`` is visible.</doc>
<status status="PASS" starttime="20210326 10:43:28.904" endtime="20210326 10:43:28.949"/>
</kw>
<kw name="Title Should Be" library="SeleniumLibrary">
<arg>Search - My Store</arg>
<doc>Verifies that the current page title equals ``title``.</doc>
<msg timestamp="20210326 10:43:28.953" level="INFO">Page title is 'Search - My Store'.</msg>
<status status="PASS" starttime="20210326 10:43:28.949" endtime="20210326 10:43:28.953"/>
</kw>
<kw name="Capture Page Screenshot" library="SeleniumLibrary">
<arg>Pagina_Busca.png</arg>
<doc>Takes a screenshot of the current page and embeds it into a log file.</doc>
<msg timestamp="20210326 10:43:29.272" level="INFO" html="true">&lt;/td&gt;&lt;/tr&gt;&lt;tr&gt;&lt;td colspan="3"&gt;&lt;a href="Pagina_Busca.png"&gt;&lt;img src="Pagina_Busca.png" width="800px"&gt;&lt;/a&gt;</msg>
<status status="PASS" starttime="20210326 10:43:28.954" endtime="20210326 10:43:29.272"/>
</kw>
<kw name="Element Should Contain" library="SeleniumLibrary">
<arg>xpath=//p[@class='alert alert-warning']</arg>
<arg>${MENSAGEM}</arg>
<doc>Verifies that element ``locator`` contains text ``expected``.</doc>
<msg timestamp="20210326 10:43:29.299" level="INFO">Element 'xpath=//p[@class='alert alert-warning']' contains text 'No results were found for your search "ItemNãoExistente"'.</msg>
<status status="PASS" starttime="20210326 10:43:29.272" endtime="20210326 10:43:29.299"/>
</kw>
<status status="PASS" starttime="20210326 10:43:28.902" endtime="20210326 10:43:29.299"/>
</kw>
<kw name="Fechar navegador" library="Resource" type="TEARDOWN">
<kw name="Close Browser" library="SeleniumLibrary">
<doc>Closes the current browser.</doc>
<status status="PASS" starttime="20210326 10:43:29.300" endtime="20210326 10:43:31.603"/>
</kw>
<status status="PASS" starttime="20210326 10:43:29.300" endtime="20210326 10:43:31.603"/>
</kw>
<status status="PASS" starttime="20210326 10:43:16.845" endtime="20210326 10:43:31.603"/>
</test>
<status status="PASS" starttime="20210326 10:43:01.612" endtime="20210326 10:43:31.612"/>
</suite>
<statistics>
<total>
<stat pass="2" fail="0" skip="0">All Tests</stat>
</total>
<tag>
</tag>
<suite>
<stat pass="2" fail="0" skip="0" id="s1" name="TestSitePracticeBDD">TestSitePracticeBDD</stat>
</suite>
</statistics>
<errors>
</errors>
</robot>
